  Grid.cpp
D:\Projects\EulerianFluidSim\src\Headers\Grid.h(45,27): warning C4305: 'initializing': truncation from 'double' to 'float'
  (compiling source file 'src/Grid.cpp')
  
D:\Projects\EulerianFluidSim\src\Headers\Grid.h(46,27): warning C4305: 'initializing': truncation from 'double' to 'float'
  (compiling source file 'src/Grid.cpp')
  
D:\Projects\EulerianFluidSim\src\Headers\Grid.h(47,25): warning C4305: 'initializing': truncation from 'double' to 'const float'
  (compiling source file 'src/Grid.cpp')
  
D:\Projects\EulerianFluidSim\src\Headers\Grid.h(34,12): warning C4244: 'return': conversion from 'double' to 'float', possible loss of data
  (compiling source file 'src/Grid.cpp')
  
D:\Projects\EulerianFluidSim\src\Headers\Grid.h(38,12): warning C4244: 'return': conversion from 'double' to 'float', possible loss of data
  (compiling source file 'src/Grid.cpp')
  
D:\Projects\EulerianFluidSim\src\Grid.cpp(14,33): warning C4244: '=': conversion from 'float' to 'int', possible loss of data
D:\Projects\EulerianFluidSim\src\Grid.cpp(15,33): warning C4244: '=': conversion from 'float' to 'int', possible loss of data
D:\Projects\EulerianFluidSim\src\Grid.cpp(123,49): warning C4244: '+=': conversion from 'double' to '_Ty', possible loss of data
D:\Projects\EulerianFluidSim\src\Grid.cpp(123,49): warning C4244:         with
D:\Projects\EulerianFluidSim\src\Grid.cpp(123,49): warning C4244:         [
D:\Projects\EulerianFluidSim\src\Grid.cpp(123,49): warning C4244:             _Ty=float
D:\Projects\EulerianFluidSim\src\Grid.cpp(123,49): warning C4244:         ]
D:\Projects\EulerianFluidSim\src\Grid.cpp(124,55): warning C4244: '-=': conversion from 'double' to '_Ty', possible loss of data
D:\Projects\EulerianFluidSim\src\Grid.cpp(124,55): warning C4244:         with
D:\Projects\EulerianFluidSim\src\Grid.cpp(124,55): warning C4244:         [
D:\Projects\EulerianFluidSim\src\Grid.cpp(124,55): warning C4244:             _Ty=float
D:\Projects\EulerianFluidSim\src\Grid.cpp(124,55): warning C4244:         ]
D:\Projects\EulerianFluidSim\src\Grid.cpp(125,51): warning C4244: '+=': conversion from 'double' to '_Ty', possible loss of data
D:\Projects\EulerianFluidSim\src\Grid.cpp(125,51): warning C4244:         with
D:\Projects\EulerianFluidSim\src\Grid.cpp(125,51): warning C4244:         [
D:\Projects\EulerianFluidSim\src\Grid.cpp(125,51): warning C4244:             _Ty=float
D:\Projects\EulerianFluidSim\src\Grid.cpp(125,51): warning C4244:         ]
D:\Projects\EulerianFluidSim\src\Grid.cpp(126,55): warning C4244: '-=': conversion from 'double' to '_Ty', possible loss of data
D:\Projects\EulerianFluidSim\src\Grid.cpp(126,55): warning C4244:         with
D:\Projects\EulerianFluidSim\src\Grid.cpp(126,55): warning C4244:         [
D:\Projects\EulerianFluidSim\src\Grid.cpp(126,55): warning C4244:             _Ty=float
D:\Projects\EulerianFluidSim\src\Grid.cpp(126,55): warning C4244:         ]
D:\Projects\EulerianFluidSim\src\Grid.cpp(148,22): warning C4244: '+=': conversion from 'double' to '_Ty', possible loss of data
D:\Projects\EulerianFluidSim\src\Grid.cpp(148,22): warning C4244:         with
D:\Projects\EulerianFluidSim\src\Grid.cpp(148,22): warning C4244:         [
D:\Projects\EulerianFluidSim\src\Grid.cpp(148,22): warning C4244:             _Ty=float
D:\Projects\EulerianFluidSim\src\Grid.cpp(148,22): warning C4244:         ]
  GameOfLife.vcxproj -> D:\Projects\EulerianFluidSim\x64\Debug\EulerianFluidSim.exe
